0 info it worked if it ends with ok
1 verbose cli [ 'C:\\Program Files (x86)\\nodejs\\node.exe',
1 verbose cli   'C:\\Program Files (x86)\\nodejs\\node_modules\\npm\\bin\\npm-cli.js',
1 verbose cli   'run',
1 verbose cli   'start:mvc' ]
2 info using npm@3.3.12
3 info using node@v5.4.1
4 verbose run-script [ 'prestart:mvc', 'start:mvc', 'poststart:mvc' ]
5 info lifecycle sogeti-academy@0.0.1~prestart:mvc: sogeti-academy@0.0.1
6 silly lifecycle sogeti-academy@0.0.1~prestart:mvc: no script for prestart:mvc, continuing
7 info lifecycle sogeti-academy@0.0.1~start:mvc: sogeti-academy@0.0.1
8 verbose lifecycle sogeti-academy@0.0.1~start:mvc: unsafe-perm in lifecycle true
9 verbose lifecycle sogeti-academy@0.0.1~start:mvc: PATH: C:\Program Files (x86)\nodejs\node_modules\npm\bin\node-gyp-bin;C:\source\sogeti-academy\sogeti-academy\node_modules\.bin;C:\Program Files (x86)\nodejs\node_modules\npm\bin\node-gyp-bin;C:\source\sogeti-academy\sogeti-academy\node_modules\.bin;C:\ProgramData\Oracle\Java\javapath;C:\Program Files (x86)\Intel\iCLS Client\;C:\Program Files\Intel\iCLS Client\;C:\Windows\system32;C:\Windows;C:\Windows\System32\Wbem;C:\Windows\System32\WindowsPowerShell\v1.0\;C:\ProgramData\chocolatey\bin;C:\Program Files\Microsoft SQL Server\Client SDK\ODBC\110\Tools\Binn\;C:\Program Files (x86)\Microsoft SQL Server\120\Tools\Binn\;C:\Program Files\Microsoft SQL Server\120\Tools\Binn\;C:\Program Files\Microsoft SQL Server\120\DTS\Binn\;C:\Program Files (x86)\Microsoft SQL Server\120\Tools\Binn\ManagementStudio\;C:\Program Files (x86)\Microsoft SQL Server\120\DTS\Binn\;C:\Program Files\Microsoft SQL Server\110\Tools\Binn\;C:\Program Files (x86)\Microsoft SDKs\TypeScript\1.0\;C:\Users\bryce\.dnx\bin;C:\Program Files\Microsoft DNX\Dnvm\;C:\Python27;C:\Program Files (x86)\NVIDIA Corporation\PhysX\Common;C:\Program Files\Microsoft\Web Platform Installer\;C:\Program Files (x86)\Microsoft SDKs\Azure\CLI\wbin;C:\Program Files (x86)\Brackets\command;C:\Program Files (x86)\Windows Kits\10\Windows Performance Toolkit\;C:\WINDOWS\system32;C:\WINDOWS;C:\WINDOWS\System32\Wbem;C:\WINDOWS\System32\WindowsPowerShell\v1.0\;C:\Program Files (x86)\Intel\Intel(R) Management Engine Components\DAL;C:\Program Files\Intel\Intel(R) Management Engine Components\DAL;C:\Program Files (x86)\Intel\Intel(R) Management Engine Components\IPT;C:\Program Files\Intel\Intel(R) Management Engine Components\IPT;C:\Program Files\Intel\WiFi\bin\;C:\Program Files\Common Files\Intel\WirelessCommon\;C:\Go\bin;C:\Program Files (x86)\nodejs\;C:\Program Files (x86)\Windows Live\Shared;C:\Program Files (x86)\Microsoft Emulator Manager\1.0\;C:\Program Files\Git\cmd;C:\Users\bryce\.dnx\runtimes\dnx-clr-win-x64.1.0.0-rc1-update1\bin;C:\Program Files (x86)\Elm Platform\0.16\bin;C:\Users\bryce\.dnx\bin;C:\Users\bryce\AppData\Local\atom\bin;C:\Program Files (x86)\Microsoft VS Code\bin;C:\Program Files\Intel\WiFi\bin\;C:\Program Files\Common Files\Intel\WirelessCommon\;C:\Go\bin;C:\Program Files (x86)\nodejs;C:\Users\bryce\AppData\Roaming\npm
10 verbose lifecycle sogeti-academy@0.0.1~start:mvc: CWD: C:\source\sogeti-academy\sogeti-academy
11 silly lifecycle sogeti-academy@0.0.1~start:mvc: Args: [ '/d /s /c', 'cd .\\src\\Mvc & dnx web' ]
12 silly lifecycle sogeti-academy@0.0.1~start:mvc: Returned: code: 1  signal: null
13 info lifecycle sogeti-academy@0.0.1~start:mvc: Failed to exec start:mvc script
14 verbose stack Error: sogeti-academy@0.0.1 start:mvc: `cd .\src\Mvc & dnx web`
14 verbose stack Exit status 1
14 verbose stack     at EventEmitter.<anonymous> (C:\Program Files (x86)\nodejs\node_modules\npm\lib\utils\lifecycle.js:232:16)
14 verbose stack     at emitTwo (events.js:87:13)
14 verbose stack     at EventEmitter.emit (events.js:172:7)
14 verbose stack     at ChildProcess.<anonymous> (C:\Program Files (x86)\nodejs\node_modules\npm\lib\utils\spawn.js:24:14)
14 verbose stack     at emitTwo (events.js:87:13)
14 verbose stack     at ChildProcess.emit (events.js:172:7)
14 verbose stack     at maybeClose (internal/child_process.js:821:16)
14 verbose stack     at Process.ChildProcess._handle.onexit (internal/child_process.js:211:5)
15 verbose pkgid sogeti-academy@0.0.1
16 verbose cwd C:\source\sogeti-academy\sogeti-academy
17 error Windows_NT 10.0.10586
18 error argv "C:\\Program Files (x86)\\nodejs\\node.exe" "C:\\Program Files (x86)\\nodejs\\node_modules\\npm\\bin\\npm-cli.js" "run" "start:mvc"
19 error node v5.4.1
20 error npm  v3.3.12
21 error code ELIFECYCLE
22 error sogeti-academy@0.0.1 start:mvc: `cd .\src\Mvc & dnx web`
22 error Exit status 1
23 error Failed at the sogeti-academy@0.0.1 start:mvc script 'cd .\src\Mvc & dnx web'.
23 error Make sure you have the latest version of node.js and npm installed.
23 error If you do, this is most likely a problem with the sogeti-academy package,
23 error not with npm itself.
23 error Tell the author that this fails on your system:
23 error     cd .\src\Mvc & dnx web
23 error You can get their info via:
23 error     npm owner ls sogeti-academy
23 error There is likely additional logging output above.
24 verbose exit [ 1, true ]
